<?xml version="1.0" encoding="UTF-8"?>
<!-- Generated by org.testng.reporters.JUnitXMLReporter -->
<testsuite hostname="DESKTOP-JAH0D27" ignored="0" name="Surefire test" tests="2" failures="0" timestamp="27 Nov 2021 14:07:18 GMT" time="1.413" errors="0">
  <testcase name="runScenario" time="0.489" classname="cucumber.api.testng.AbstractTestNGCucumberTests">
    <skipped/>
  </testcase> <!-- runScenario -->
  <testcase name="runScenario" time="0.003" classname="cucumber.api.testng.AbstractTestNGCucumberTests">
    <skipped/>
  </testcase> <!-- runScenario -->
</testsuite> <!-- Surefire test -->
